2026-06-12 20:11:14,384 INFO com.homecare.HomeCareApplication [main] Starting HomeCareApplication using Java 17.0.19 with PID 21799 (/Users/user/Desktop/home_care/target/classes started by user in /Users/user/Desktop/home_care)
2026-06-12 20:11:14,387 DEBUG com.homecare.HomeCareApplication [main] Running with Spring Boot v3.2.0, Spring v6.1.1
2026-06-12 20:11:14,387 INFO com.homecare.HomeCareApplication [main] No active profile set, falling back to 1 default profile: "default"
2026-06-12 20:11:14,705 INFO org.springframework.data.repository.config.RepositoryConfigurationDelegate [main] Bootstrapping Spring Data JPA repositories in DEFAULT mode.
2026-06-12 20:11:14,732 INFO org.springframework.data.repository.config.RepositoryConfigurationDelegate [main] Finished Spring Data repository scanning in 24 ms. Found 4 JPA repository interfaces.
2026-06-12 20:11:14,960 INFO org.springframework.boot.web.embedded.tomcat.TomcatWebServer [main] Tomcat initialized with port 8080 (http)
2026-06-12 20:11:14,965 INFO org.apache.catalina.core.StandardService [main] Starting service [Tomcat]
2026-06-12 20:11:14,965 INFO org.apache.catalina.core.StandardEngine [main] Starting Servlet engine: [Apache Tomcat/10.1.16]
2026-06-12 20:11:14,996 INFO org.apache.catalina.core.ContainerBase.[Tomcat].[localhost].[/api] [main] Initializing Spring embedded WebApplicationContext
2026-06-12 20:11:14,996 INFO org.springframework.boot.web.servlet.context.ServletWebServerApplicationContext [main] Root WebApplicationContext: initialization completed in 591 ms
2026-06-12 20:11:15,064 INFO org.hibernate.jpa.internal.util.LogHelper [main] HHH000204: Processing PersistenceUnitInfo [name: default]
2026-06-12 20:11:15,096 INFO org.hibernate.Version [main] HHH000412: Hibernate ORM core version 6.3.1.Final
2026-06-12 20:11:15,111 INFO org.hibernate.cache.internal.RegionFactoryInitiator [main] HHH000026: Second-level cache disabled
2026-06-12 20:11:15,200 INFO org.springframework.orm.jpa.persistenceunit.SpringPersistenceUnitInfo [main] No LoadTimeWeaver setup: ignoring JPA class transformer
2026-06-12 20:11:15,213 INFO com.zaxxer.hikari.HikariDataSource [main] HikariPool-1 - Starting...
2026-06-12 20:11:15,300 INFO com.zaxxer.hikari.pool.HikariPool [main] HikariPool-1 - Added connection org.mariadb.jdbc.Connection@106cd9c8
2026-06-12 20:11:15,301 INFO com.zaxxer.hikari.HikariDataSource [main] HikariPool-1 - Start completed.
2026-06-12 20:11:15,317 WARN org.hibernate.orm.deprecation [main] HHH90000025: MariaDBDialect does not need to be specified explicitly using 'hibernate.dialect' (remove the property setting and it will be selected by default)
2026-06-12 20:11:15,736 INFO org.hibernate.engine.transaction.jta.platform.internal.JtaPlatformInitiator [main] HHH000489: No JTA platform available (set 'hibernate.transaction.jta.platform' to enable JTA platform integration)
2026-06-12 20:11:15,790 INFO org.springframework.orm.jpa.LocalContainerEntityManagerFactoryBean [main] Initialized JPA EntityManagerFactory for persistence unit 'default'
2026-06-12 20:11:15,940 INFO org.springframework.data.jpa.repository.query.QueryEnhancerFactory [main] Hibernate is in classpath; If applicable, HQL parser will be used.
2026-06-12 20:11:16,157 WARN org.springframework.boot.web.servlet.context.AnnotationConfigServletWebServerApplicationContext [main] Exception encountered during context initialization - cancelling refresh attempt: org.springframework.beans.factory.UnsatisfiedDependencyException: Error creating bean with name 'elderController' defined in file [/Users/user/Desktop/home_care/target/classes/com/homecare/api/controller/ElderController.class]: Unsatisfied dependency expressed through constructor parameter 0: Error creating bean with name 'elderService' defined in file [/Users/user/Desktop/home_care/target/classes/com/homecare/application/service/ElderService.class]: Unsatisfied dependency expressed through constructor parameter 1: No qualifying bean of type 'org.modelmapper.ModelMapper' available: expected at least 1 bean which qualifies as autowire candidate. Dependency annotations: {}
2026-06-12 20:11:16,157 INFO org.springframework.orm.jpa.LocalContainerEntityManagerFactoryBean [main] Closing JPA EntityManagerFactory for persistence unit 'default'
2026-06-12 20:11:16,158 INFO com.zaxxer.hikari.HikariDataSource [main] HikariPool-1 - Shutdown initiated...
2026-06-12 20:11:16,161 INFO com.zaxxer.hikari.HikariDataSource [main] HikariPool-1 - Shutdown completed.
2026-06-12 20:11:16,161 INFO org.apache.catalina.core.StandardService [main] Stopping service [Tomcat]
2026-06-12 20:11:16,169 INFO org.springframework.boot.autoconfigure.logging.ConditionEvaluationReportLogger [main] 

Error starting ApplicationContext. To display the condition evaluation report re-run your application with 'debug' enabled.
2026-06-12 20:11:16,178 ERROR org.springframework.boot.diagnostics.LoggingFailureAnalysisReporter [main] 

***************************
APPLICATION FAILED TO START
***************************

Description:

Parameter 1 of constructor in com.homecare.application.service.ElderService required a bean of type 'org.modelmapper.ModelMapper' that could not be found.


Action:

Consider defining a bean of type 'org.modelmapper.ModelMapper' in your configuration.

2026-06-12 20:17:40,844 INFO com.homecare.HomeCareApplication [main] Starting HomeCareApplication using Java 17.0.19 with PID 22050 (/Users/user/Desktop/home_care/target/classes started by user in /Users/user/Desktop/home_care)
2026-06-12 20:17:40,845 DEBUG com.homecare.HomeCareApplication [main] Running with Spring Boot v3.2.0, Spring v6.1.1
2026-06-12 20:17:40,845 INFO com.homecare.HomeCareApplication [main] No active profile set, falling back to 1 default profile: "default"
2026-06-12 20:17:41,163 INFO org.springframework.data.repository.config.RepositoryConfigurationDelegate [main] Bootstrapping Spring Data JPA repositories in DEFAULT mode.
2026-06-12 20:17:41,188 INFO org.springframework.data.repository.config.RepositoryConfigurationDelegate [main] Finished Spring Data repository scanning in 22 ms. Found 4 JPA repository interfaces.
2026-06-12 20:17:41,422 INFO org.springframework.boot.web.embedded.tomcat.TomcatWebServer [main] Tomcat initialized with port 8080 (http)
2026-06-12 20:17:41,427 INFO org.apache.catalina.core.StandardService [main] Starting service [Tomcat]
2026-06-12 20:17:41,427 INFO org.apache.catalina.core.StandardEngine [main] Starting Servlet engine: [Apache Tomcat/10.1.16]
2026-06-12 20:17:41,457 INFO org.apache.catalina.core.ContainerBase.[Tomcat].[localhost].[/api] [main] Initializing Spring embedded WebApplicationContext
2026-06-12 20:17:41,458 INFO org.springframework.boot.web.servlet.context.ServletWebServerApplicationContext [main] Root WebApplicationContext: initialization completed in 595 ms
2026-06-12 20:17:41,530 INFO org.hibernate.jpa.internal.util.LogHelper [main] HHH000204: Processing PersistenceUnitInfo [name: default]
2026-06-12 20:17:41,558 INFO org.hibernate.Version [main] HHH000412: Hibernate ORM core version 6.3.1.Final
2026-06-12 20:17:41,573 INFO org.hibernate.cache.internal.RegionFactoryInitiator [main] HHH000026: Second-level cache disabled
2026-06-12 20:17:41,665 INFO org.springframework.orm.jpa.persistenceunit.SpringPersistenceUnitInfo [main] No LoadTimeWeaver setup: ignoring JPA class transformer
2026-06-12 20:17:41,680 INFO com.zaxxer.hikari.HikariDataSource [main] HikariPool-1 - Starting...
2026-06-12 20:17:41,761 INFO com.zaxxer.hikari.pool.HikariPool [main] HikariPool-1 - Added connection org.mariadb.jdbc.Connection@21c75084
2026-06-12 20:17:41,762 INFO com.zaxxer.hikari.HikariDataSource [main] HikariPool-1 - Start completed.
2026-06-12 20:17:41,778 WARN org.hibernate.orm.deprecation [main] HHH90000025: MariaDBDialect does not need to be specified explicitly using 'hibernate.dialect' (remove the property setting and it will be selected by default)
2026-06-12 20:17:42,148 INFO org.hibernate.engine.transaction.jta.platform.internal.JtaPlatformInitiator [main] HHH000489: No JTA platform available (set 'hibernate.transaction.jta.platform' to enable JTA platform integration)
2026-06-12 20:17:42,202 INFO org.springframework.orm.jpa.LocalContainerEntityManagerFactoryBean [main] Initialized JPA EntityManagerFactory for persistence unit 'default'
2026-06-12 20:17:42,340 INFO org.springframework.data.jpa.repository.query.QueryEnhancerFactory [main] Hibernate is in classpath; If applicable, HQL parser will be used.
2026-06-12 20:17:42,603 WARN org.springframework.boot.autoconfigure.orm.jpa.JpaBaseConfiguration$JpaWebConfiguration [main] spring.jpa.open-in-view is enabled by default. Therefore, database queries may be performed during view rendering. Explicitly configure spring.jpa.open-in-view to disable this warning
2026-06-12 20:17:42,647 DEBUG org.springframework.web.servlet.mvc.method.annotation.RequestMappingHandlerMapping [main] 28 mappings in 'requestMappingHandlerMapping'
2026-06-12 20:17:42,685 DEBUG org.springframework.web.servlet.handler.SimpleUrlHandlerMapping [main] Patterns [/webjars/**, /**, /swagger-ui*/*swagger-initializer.js, /swagger-ui*/**] in 'resourceHandlerMapping'
2026-06-12 20:17:42,701 DEBUG org.springframework.web.servlet.mvc.method.annotation.RequestMappingHandlerAdapter [main] ControllerAdvice beans: 0 @ModelAttribute, 0 @InitBinder, 1 RequestBodyAdvice, 1 ResponseBodyAdvice
2026-06-12 20:17:42,716 DEBUG org.springframework.web.servlet.mvc.method.annotation.ExceptionHandlerExceptionResolver [main] ControllerAdvice beans: 1 @ExceptionHandler, 1 ResponseBodyAdvice
2026-06-12 20:17:42,776 WARN org.springframework.boot.autoconfigure.security.servlet.UserDetailsServiceAutoConfiguration [main] 

Using generated security password: a134678b-61a5-43a5-9f9a-e4a067bb5f77

This generated password is for development use only. Your security configuration must be updated before running your application in production.

2026-06-12 20:17:42,827 INFO org.springframework.security.web.DefaultSecurityFilterChain [main] Will secure any request with [org.springframework.security.web.session.DisableEncodeUrlFilter@2640f5ea, org.springframework.security.web.context.request.async.WebAsyncManagerIntegrationFilter@45accb5, org.springframework.security.web.context.SecurityContextHolderFilter@5118c7fb, org.springframework.security.web.header.HeaderWriterFilter@5d0ea2af, org.springframework.web.filter.CorsFilter@1b32aaca, org.springframework.security.web.csrf.CsrfFilter@2ee91bdf, org.springframework.security.web.authentication.logout.LogoutFilter@794daa09, org.springframework.security.web.authentication.UsernamePasswordAuthenticationFilter@11f6a083, org.springframework.security.web.authentication.ui.DefaultLoginPageGeneratingFilter@419ac0f5, org.springframework.security.web.authentication.ui.DefaultLogoutPageGeneratingFilter@7b5afde5, org.springframework.security.web.authentication.www.BasicAuthenticationFilter@2140582, org.springframework.security.web.savedrequest.RequestCacheAwareFilter@8be84bf, org.springframework.security.web.servletapi.SecurityContextHolderAwareRequestFilter@1d5e0621, org.springframework.security.web.authentication.AnonymousAuthenticationFilter@5a14a8c1, org.springframework.security.web.access.ExceptionTranslationFilter@2f053ff3, org.springframework.security.web.access.intercept.AuthorizationFilter@45da40ad]
2026-06-12 20:17:42,851 INFO org.springframework.boot.web.embedded.tomcat.TomcatWebServer [main] Tomcat started on port 8080 (http) with context path '/api'
2026-06-12 20:17:42,856 INFO com.homecare.HomeCareApplication [main] Started HomeCareApplication in 2.204 seconds (process running for 2.354)
2026-06-12 20:32:24,183 WARN com.zaxxer.hikari.pool.HikariPool [HikariPool-1 housekeeper] HikariPool-1 - Thread starvation or clock leap detected (housekeeper delta=3m41s536ms).
2026-06-12 20:32:55,611 INFO org.apache.catalina.core.ContainerBase.[Tomcat].[localhost].[/api] [http-nio-8080-exec-1] Initializing Spring DispatcherServlet 'dispatcherServlet'
2026-06-12 20:32:55,612 INFO org.springframework.web.servlet.DispatcherServlet [http-nio-8080-exec-1] Initializing Servlet 'dispatcherServlet'
2026-06-12 20:32:55,612 DEBUG org.springframework.web.servlet.DispatcherServlet [http-nio-8080-exec-1] Detected StandardServletMultipartResolver
2026-06-12 20:32:55,612 DEBUG org.springframework.web.servlet.DispatcherServlet [http-nio-8080-exec-1] Detected AcceptHeaderLocaleResolver
2026-06-12 20:32:55,612 DEBUG org.springframework.web.servlet.DispatcherServlet [http-nio-8080-exec-1] Detected FixedThemeResolver
2026-06-12 20:32:55,614 DEBUG org.springframework.web.servlet.DispatcherServlet [http-nio-8080-exec-1] Detected org.springframework.web.servlet.view.DefaultRequestToViewNameTranslator@3de4f936
2026-06-12 20:32:55,615 DEBUG org.springframework.web.servlet.DispatcherServlet [http-nio-8080-exec-1] Detected org.springframework.web.servlet.support.SessionFlashMapManager@565bf1bb
2026-06-12 20:32:55,615 DEBUG org.springframework.web.servlet.DispatcherServlet [http-nio-8080-exec-1] enableLoggingRequestDetails='false': request parameters and headers will be masked to prevent unsafe logging of potentially sensitive data
2026-06-12 20:32:55,616 INFO org.springframework.web.servlet.DispatcherServlet [http-nio-8080-exec-1] Completed initialization in 3 ms
2026-06-12 20:32:55,627 WARN org.springframework.web.servlet.handler.HandlerMappingIntrospector [http-nio-8080-exec-1] Cache miss for REQUEST dispatch to '/api/swagger-ui.html' (previous null). Performing CorsConfiguration lookup. This is logged once only at WARN level, and every time at TRACE.
2026-06-12 20:37:19,842 INFO org.springframework.orm.jpa.LocalContainerEntityManagerFactoryBean [SpringApplicationShutdownHook] Closing JPA EntityManagerFactory for persistence unit 'default'
2026-06-12 20:37:19,853 INFO com.zaxxer.hikari.HikariDataSource [SpringApplicationShutdownHook] HikariPool-1 - Shutdown initiated...
2026-06-12 20:37:19,865 INFO com.zaxxer.hikari.HikariDataSource [SpringApplicationShutdownHook] HikariPool-1 - Shutdown completed.
2026-06-12 20:37:28,685 INFO com.homecare.HomeCareApplication [main] Starting HomeCareApplication using Java 17.0.19 with PID 22633 (/Users/user/Desktop/home_care/target/classes started by user in /Users/user/Desktop/home_care)
2026-06-12 20:37:28,685 DEBUG com.homecare.HomeCareApplication [main] Running with Spring Boot v3.2.0, Spring v6.1.1
2026-06-12 20:37:28,686 INFO com.homecare.HomeCareApplication [main] No active profile set, falling back to 1 default profile: "default"
2026-06-12 20:37:28,989 INFO org.springframework.data.repository.config.RepositoryConfigurationDelegate [main] Bootstrapping Spring Data JPA repositories in DEFAULT mode.
2026-06-12 20:37:29,015 INFO org.springframework.data.repository.config.RepositoryConfigurationDelegate [main] Finished Spring Data repository scanning in 22 ms. Found 4 JPA repository interfaces.
2026-06-12 20:37:29,231 INFO org.springframework.boot.web.embedded.tomcat.TomcatWebServer [main] Tomcat initialized with port 8080 (http)
2026-06-12 20:37:29,236 INFO org.apache.catalina.core.StandardService [main] Starting service [Tomcat]
2026-06-12 20:37:29,236 INFO org.apache.catalina.core.StandardEngine [main] Starting Servlet engine: [Apache Tomcat/10.1.16]
2026-06-12 20:37:29,264 INFO org.apache.catalina.core.ContainerBase.[Tomcat].[localhost].[/api] [main] Initializing Spring embedded WebApplicationContext
2026-06-12 20:37:29,264 INFO org.springframework.boot.web.servlet.context.ServletWebServerApplicationContext [main] Root WebApplicationContext: initialization completed in 562 ms
2026-06-12 20:37:29,332 INFO org.hibernate.jpa.internal.util.LogHelper [main] HHH000204: Processing PersistenceUnitInfo [name: default]
2026-06-12 20:37:29,362 INFO org.hibernate.Version [main] HHH000412: Hibernate ORM core version 6.3.1.Final
2026-06-12 20:37:29,377 INFO org.hibernate.cache.internal.RegionFactoryInitiator [main] HHH000026: Second-level cache disabled
2026-06-12 20:37:29,473 INFO org.springframework.orm.jpa.persistenceunit.SpringPersistenceUnitInfo [main] No LoadTimeWeaver setup: ignoring JPA class transformer
2026-06-12 20:37:29,483 INFO com.zaxxer.hikari.HikariDataSource [main] HikariPool-1 - Starting...
2026-06-12 20:37:29,564 INFO com.zaxxer.hikari.pool.HikariPool [main] HikariPool-1 - Added connection org.mariadb.jdbc.Connection@3957d88b
2026-06-12 20:37:29,565 INFO com.zaxxer.hikari.HikariDataSource [main] HikariPool-1 - Start completed.
2026-06-12 20:37:29,582 WARN org.hibernate.orm.deprecation [main] HHH90000025: MariaDBDialect does not need to be specified explicitly using 'hibernate.dialect' (remove the property setting and it will be selected by default)
2026-06-12 20:37:29,935 INFO org.hibernate.engine.transaction.jta.platform.internal.JtaPlatformInitiator [main] HHH000489: No JTA platform available (set 'hibernate.transaction.jta.platform' to enable JTA platform integration)
2026-06-12 20:37:29,991 INFO org.springframework.orm.jpa.LocalContainerEntityManagerFactoryBean [main] Initialized JPA EntityManagerFactory for persistence unit 'default'
2026-06-12 20:37:30,128 INFO org.springframework.data.jpa.repository.query.QueryEnhancerFactory [main] Hibernate is in classpath; If applicable, HQL parser will be used.
2026-06-12 20:37:30,391 WARN org.springframework.boot.autoconfigure.orm.jpa.JpaBaseConfiguration$JpaWebConfiguration [main] spring.jpa.open-in-view is enabled by default. Therefore, database queries may be performed during view rendering. Explicitly configure spring.jpa.open-in-view to disable this warning
2026-06-12 20:37:30,435 DEBUG org.springframework.web.servlet.mvc.method.annotation.RequestMappingHandlerMapping [main] 28 mappings in 'requestMappingHandlerMapping'
2026-06-12 20:37:30,468 DEBUG org.springframework.web.servlet.handler.SimpleUrlHandlerMapping [main] Patterns [/webjars/**, /**, /swagger-ui*/*swagger-initializer.js, /swagger-ui*/**] in 'resourceHandlerMapping'
2026-06-12 20:37:30,483 DEBUG org.springframework.web.servlet.mvc.method.annotation.RequestMappingHandlerAdapter [main] ControllerAdvice beans: 0 @ModelAttribute, 0 @InitBinder, 1 RequestBodyAdvice, 1 ResponseBodyAdvice
2026-06-12 20:37:30,500 DEBUG org.springframework.web.servlet.mvc.method.annotation.ExceptionHandlerExceptionResolver [main] ControllerAdvice beans: 1 @ExceptionHandler, 1 ResponseBodyAdvice
2026-06-12 20:37:30,562 INFO org.springframework.boot.web.embedded.tomcat.TomcatWebServer [main] Tomcat started on port 8080 (http) with context path '/api'
2026-06-12 20:37:30,567 INFO com.homecare.HomeCareApplication [main] Started HomeCareApplication in 2.059 seconds (process running for 2.2)
2026-06-12 20:37:57,186 INFO org.apache.catalina.core.ContainerBase.[Tomcat].[localhost].[/api] [http-nio-8080-exec-1] Initializing Spring DispatcherServlet 'dispatcherServlet'
2026-06-12 20:37:57,187 INFO org.springframework.web.servlet.DispatcherServlet [http-nio-8080-exec-1] Initializing Servlet 'dispatcherServlet'
2026-06-12 20:37:57,187 DEBUG org.springframework.web.servlet.DispatcherServlet [http-nio-8080-exec-1] Detected StandardServletMultipartResolver
2026-06-12 20:37:57,187 DEBUG org.springframework.web.servlet.DispatcherServlet [http-nio-8080-exec-1] Detected AcceptHeaderLocaleResolver
2026-06-12 20:37:57,187 DEBUG org.springframework.web.servlet.DispatcherServlet [http-nio-8080-exec-1] Detected FixedThemeResolver
2026-06-12 20:37:57,190 DEBUG org.springframework.web.servlet.DispatcherServlet [http-nio-8080-exec-1] Detected org.springframework.web.servlet.view.DefaultRequestToViewNameTranslator@41030c21
2026-06-12 20:37:57,190 DEBUG org.springframework.web.servlet.DispatcherServlet [http-nio-8080-exec-1] Detected org.springframework.web.servlet.support.SessionFlashMapManager@6dae5562
2026-06-12 20:37:57,190 DEBUG org.springframework.web.servlet.DispatcherServlet [http-nio-8080-exec-1] enableLoggingRequestDetails='false': request parameters and headers will be masked to prevent unsafe logging of potentially sensitive data
2026-06-12 20:37:57,190 INFO org.springframework.web.servlet.DispatcherServlet [http-nio-8080-exec-1] Completed initialization in 3 ms
2026-06-12 20:37:57,198 DEBUG org.springframework.web.servlet.DispatcherServlet [http-nio-8080-exec-1] GET "/api/swagger-ui/index.html", parameters={}
2026-06-12 20:37:57,205 DEBUG org.springframework.web.servlet.handler.SimpleUrlHandlerMapping [http-nio-8080-exec-1] Mapped to ResourceHttpRequestHandler [classpath [META-INF/resources/webjars/]]
2026-06-12 20:37:57,226 DEBUG org.springframework.web.servlet.DispatcherServlet [http-nio-8080-exec-1] Completed 200 OK
2026-06-12 20:37:57,231 DEBUG org.springframework.web.servlet.DispatcherServlet [http-nio-8080-exec-2] GET "/api/swagger-ui/swagger-ui.css", parameters={}
2026-06-12 20:37:57,231 DEBUG org.springframework.web.servlet.DispatcherServlet [http-nio-8080-exec-3] GET "/api/swagger-ui/index.css", parameters={}
2026-06-12 20:37:57,232 DEBUG org.springframework.web.servlet.DispatcherServlet [http-nio-8080-exec-4] GET "/api/swagger-ui/swagger-ui-bundle.js", parameters={}
2026-06-12 20:37:57,232 DEBUG org.springframework.web.servlet.handler.SimpleUrlHandlerMapping [http-nio-8080-exec-2] Mapped to ResourceHttpRequestHandler [classpath [META-INF/resources/webjars/]]
2026-06-12 20:37:57,232 DEBUG org.springframework.web.servlet.handler.SimpleUrlHandlerMapping [http-nio-8080-exec-3] Mapped to ResourceHttpRequestHandler [classpath [META-INF/resources/webjars/]]
2026-06-12 20:37:57,232 DEBUG org.springframework.web.servlet.handler.SimpleUrlHandlerMapping [http-nio-8080-exec-4] Mapped to ResourceHttpRequestHandler [classpath [META-INF/resources/webjars/]]
2026-06-12 20:37:57,234 DEBUG org.springframework.web.servlet.DispatcherServlet [http-nio-8080-exec-3] Completed 200 OK
2026-06-12 20:37:57,235 DEBUG org.springframework.web.servlet.DispatcherServlet [http-nio-8080-exec-2] Completed 200 OK
2026-06-12 20:37:57,244 DEBUG org.springframework.web.servlet.DispatcherServlet [http-nio-8080-exec-5] GET "/api/swagger-ui/swagger-ui-standalone-preset.js", parameters={}
2026-06-12 20:37:57,245 DEBUG org.springframework.web.servlet.DispatcherServlet [http-nio-8080-exec-4] Completed 200 OK
2026-06-12 20:37:57,245 DEBUG org.springframework.web.servlet.DispatcherServlet [http-nio-8080-exec-6] GET "/api/swagger-ui/swagger-initializer.js", parameters={}
2026-06-12 20:37:57,245 DEBUG org.springframework.web.servlet.handler.SimpleUrlHandlerMapping [http-nio-8080-exec-5] Mapped to ResourceHttpRequestHandler [classpath [META-INF/resources/webjars/]]
2026-06-12 20:37:57,246 DEBUG org.springframework.web.servlet.handler.SimpleUrlHandlerMapping [http-nio-8080-exec-6] Mapped to ResourceHttpRequestHandler [classpath [META-INF/resources/webjars/]]
2026-06-12 20:37:57,250 DEBUG org.springframework.web.servlet.DispatcherServlet [http-nio-8080-exec-5] Completed 200 OK
2026-06-12 20:37:57,264 DEBUG org.springframework.web.servlet.DispatcherServlet [http-nio-8080-exec-6] Completed 200 OK
2026-06-12 20:37:57,330 DEBUG org.springframework.web.servlet.DispatcherServlet [http-nio-8080-exec-7] GET "/api/v3/api-docs/swagger-config", parameters={}
2026-06-12 20:37:57,331 DEBUG org.springframework.web.servlet.mvc.method.annotation.RequestMappingHandlerMapping [http-nio-8080-exec-7] Mapped to org.springdoc.webmvc.ui.SwaggerConfigResource#openapiJson(HttpServletRequest)
2026-06-12 20:37:57,342 DEBUG org.springframework.web.servlet.mvc.method.annotation.RequestResponseBodyMethodProcessor [http-nio-8080-exec-7] Using 'application/json', given [*/*] and supported [application/json]
2026-06-12 20:37:57,343 DEBUG org.springframework.web.servlet.mvc.method.annotation.RequestResponseBodyMethodProcessor [http-nio-8080-exec-7] Writing [{configUrl=/api/v3/api-docs/swagger-config, oauth2RedirectUrl=http://localhost:8080/api/swagger-ui/o (truncated)...]
2026-06-12 20:37:57,348 DEBUG org.springframework.web.servlet.DispatcherServlet [http-nio-8080-exec-7] Completed 200 OK
2026-06-12 20:37:57,370 DEBUG org.springframework.web.servlet.DispatcherServlet [http-nio-8080-exec-8] GET "/api/v3/api-docs", parameters={}
2026-06-12 20:37:57,371 DEBUG org.springframework.web.servlet.mvc.method.annotation.RequestMappingHandlerMapping [http-nio-8080-exec-8] Mapped to org.springdoc.webmvc.api.OpenApiWebMvcResource#openapiJson(HttpServletRequest, String, Locale)
2026-06-12 20:37:57,658 INFO org.springdoc.api.AbstractOpenApiResource [http-nio-8080-exec-8] Init duration for springdoc-openapi is: 277 ms
2026-06-12 20:37:57,676 DEBUG org.springframework.web.servlet.mvc.method.annotation.RequestResponseBodyMethodProcessor [http-nio-8080-exec-8] Using 'application/json', given [application/json, */*] and supported [application/json]
2026-06-12 20:37:57,678 DEBUG org.springframework.web.servlet.mvc.method.annotation.RequestResponseBodyMethodProcessor [http-nio-8080-exec-8] Writing [{123, 34, 111, 112, 101, 110, 97, 112, 105, 34, 58, 34, 51, 46, 48, 46, 49, 34, 44, 34, 105, 110, 10 (truncated)...]
2026-06-12 20:37:57,678 DEBUG org.springframework.web.servlet.DispatcherServlet [http-nio-8080-exec-8] Completed 200 OK
2026-06-12 20:37:58,004 DEBUG org.springframework.web.servlet.DispatcherServlet [http-nio-8080-exec-9] GET "/api/swagger-ui/favicon-32x32.png", parameters={}
2026-06-12 20:37:58,005 DEBUG org.springframework.web.servlet.handler.SimpleUrlHandlerMapping [http-nio-8080-exec-9] Mapped to ResourceHttpRequestHandler [classpath [META-INF/resources/webjars/]]
2026-06-12 20:37:58,006 DEBUG org.springframework.web.servlet.DispatcherServlet [http-nio-8080-exec-9] Completed 200 OK
2026-06-12 21:09:08,874 WARN com.zaxxer.hikari.pool.HikariPool [HikariPool-1 housekeeper] HikariPool-1 - Thread starvation or clock leap detected (housekeeper delta=16m8s718ms).
2026-06-12 21:13:05,084 WARN com.zaxxer.hikari.pool.HikariPool [HikariPool-1 housekeeper] HikariPool-1 - Thread starvation or clock leap detected (housekeeper delta=3m56s215ms).
2026-06-12 21:29:43,396 WARN com.zaxxer.hikari.pool.HikariPool [HikariPool-1 housekeeper] HikariPool-1 - Thread starvation or clock leap detected (housekeeper delta=16m8s300ms).
2026-06-12 21:31:02,340 WARN com.zaxxer.hikari.pool.HikariPool [HikariPool-1 housekeeper] HikariPool-1 - Thread starvation or clock leap detected (housekeeper delta=1m18s942ms).
2026-06-12 21:34:23,121 INFO org.springframework.orm.jpa.LocalContainerEntityManagerFactoryBean [SpringApplicationShutdownHook] Closing JPA EntityManagerFactory for persistence unit 'default'
2026-06-12 21:34:23,126 INFO com.zaxxer.hikari.HikariDataSource [SpringApplicationShutdownHook] HikariPool-1 - Shutdown initiated...
2026-06-12 21:34:23,135 INFO com.zaxxer.hikari.HikariDataSource [SpringApplicationShutdownHook] HikariPool-1 - Shutdown completed.
